Build started 2015-02-01 11:36:35 AM.
     1>Project "C:\Users\Richard\Desktop\Nymi\NymiSDK-Windows-2.0-Build28\Examples\NymiComm\HelloNymi\Msvc2012Win\HelloNymi.vcxproj" on node 2 (Build target(s)).
     1>C:\Program Files (x86)\MSBuild\Microsoft.Cpp\v4.0\V120\Microsoft.CppBuild.targets(388,5): warning MSB8028: The intermediate directory (Release\) contains files shared from another project (HelloNymi.vcxproj).  This can lead to incorrect clean and rebuild behavior.
     1>PreBuildEvent:
         copy C:\Users\Richard\Desktop\Nymi\NymiSDK-Windows-2.0-Build28\Examples\NymiComm\HelloNymi\Msvc2012Win\..\nclWin\Release\Win32\*.dll C:\Users\Richard\Desktop\Nymi\NymiSDK-Windows-2.0-Build28\Examples\NymiComm\HelloNymi\Msvc2012Win\Release\
         :VCEnd
         C:\Users\Richard\Desktop\Nymi\NymiSDK-Windows-2.0-Build28\Examples\NymiComm\HelloNymi\Msvc2012Win\..\nclWin\Release\Win32\NCL.dll
         C:\Users\Richard\Desktop\Nymi\NymiSDK-Windows-2.0-Build28\Examples\NymiComm\HelloNymi\Msvc2012Win\..\nclWin\Release\Win32\NCL1.dll
                 2 file(s) copied.
       ClCompile:
         C:\Program Files (x86)\Microsoft Visual Studio 12.0\VC\bin\CL.exe /c /Zi /nologo /W3 /WX- /O2 /Oi /Oy- /GL /D WIN32 /D NDEBUG /D _CONSOLE /D _UNICODE /D UNICODE /Gm- /EHsc /MD /GS /Gy /fp:precise /Zc:wchar_t /Zc:forScope /Fo"Release\\" /Fd"Release\vc120.pdb" /Gd /TP /analyze- /errorReport:prompt ..\main.cpp
         main.cpp
       Link:
         C:\Program Files (x86)\Microsoft Visual Studio 12.0\VC\bin\link.exe /ERRORREPORT:PROMPT /OUT:"C:\Users\Richard\Desktop\Nymi\NymiSDK-Windows-2.0-Build28\Examples\NymiComm\HelloNymi\Msvc2012Win\Release\NymiCommunicator.exe" /INCREMENTAL:NO /NOLOGO /LIBPATH:.. kernel32.lib user32.lib gdi32.lib winspool.lib comdlg32.lib advapi32.lib shell32.lib ole32.lib oleaut32.lib uuid.lib odbc32.lib odbccp32.lib /MANIFEST /MANIFESTUAC:"level='asInvoker' uiAccess='false'" /manifest:embed /DEBUG /PDB:"C:\Users\Richard\Desktop\Nymi\NymiSDK-Windows-2.0-Build28\Examples\NymiComm\HelloNymi\Msvc2012Win\Release\NymiCommunicator.pdb" /SUBSYSTEM:CONSOLE /OPT:REF /OPT:ICF /LTCG /TLBID:1 /DYNAMICBASE /NXCOMPAT /IMPLIB:"C:\Users\Richard\Desktop\Nymi\NymiSDK-Windows-2.0-Build28\Examples\NymiComm\HelloNymi\Msvc2012Win\Release\NymiCommunicator.lib" /MACHINE:X86 /SAFESEH Release\main.obj
         ..\nclWin\Release\Win32\NCL.lib
         Generating code
         Finished generating code
         HelloNymi.vcxproj -> C:\Users\Richard\Desktop\Nymi\NymiSDK-Windows-2.0-Build28\Examples\NymiComm\HelloNymi\Msvc2012Win\Release\NymiCommunicator.exe
     1>Done Building Project "C:\Users\Richard\Desktop\Nymi\NymiSDK-Windows-2.0-Build28\Examples\NymiComm\HelloNymi\Msvc2012Win\HelloNymi.vcxproj" (Build target(s)).

Build succeeded.

Time Elapsed 00:00:02.82
